0 info it worked if it ends with ok
1 verbose cli [ '/usr/local/bin/node', '/usr/local/bin/npm', 'start' ]
2 info using npm@3.10.10
3 info using node@v6.11.2
4 verbose run-script [ 'prestart', 'start', 'poststart' ]
5 info lifecycle shopping-list@~prestart: shopping-list@
6 silly lifecycle shopping-list@~prestart: no script for prestart, continuing
7 info lifecycle shopping-list@~start: shopping-list@
8 verbose lifecycle shopping-list@~start: unsafe-perm in lifecycle true
9 verbose lifecycle shopping-list@~start: PATH: /usr/local/lib/node_modules/npm/bin/node-gyp-bin:/Users/andrewlee/shopping-list/node_modules/.bin:/opt/android_sdk/platform-tools:/opt/android_sdk/tools/bin:/opt/android_sdk/tools:/opt/android_ndk/android-ndk-r12b:/opt/facebook/bin:/usr/local/bin:/usr/bin:/bin:/usr/sbin:/sbin:/opt/homebrew/bin:/opt/facebook/ops/scripts/chef:/opt/facebook/nuclide/latest/nuclide/pkg/fb-on-demand-cli/bin:/opt/facebook/nuclide/latest/nuclide/pkg/fb-biggrep-cli/bin:/opt/facebook/bin/popvbox:/usr/local/munki:/opt/facebook/hg/bin:/opt/android_sdk/tools:/opt/android_sdk/platform-tools
10 verbose lifecycle shopping-list@~start: CWD: /Users/andrewlee/shopping-list
11 silly lifecycle shopping-list@~start: Args: [ '-c', 'npm server/server.js' ]
12 silly lifecycle shopping-list@~start: Returned: code: 1  signal: null
13 info lifecycle shopping-list@~start: Failed to exec start script
14 verbose stack Error: shopping-list@ start: `npm server/server.js`
14 verbose stack Exit status 1
14 verbose stack     at EventEmitter.<anonymous> (/usr/local/lib/node_modules/npm/lib/utils/lifecycle.js:255:16)
14 verbose stack     at emitTwo (events.js:106:13)
14 verbose stack     at EventEmitter.emit (events.js:191:7)
14 verbose stack     at ChildProcess.<anonymous> (/usr/local/lib/node_modules/npm/lib/utils/spawn.js:40:14)
14 verbose stack     at emitTwo (events.js:106:13)
14 verbose stack     at ChildProcess.emit (events.js:191:7)
14 verbose stack     at maybeClose (internal/child_process.js:891:16)
14 verbose stack     at Process.ChildProcess._handle.onexit (internal/child_process.js:226:5)
15 verbose pkgid shopping-list@
16 verbose cwd /Users/andrewlee/shopping-list
17 error Darwin 17.7.0
18 error argv "/usr/local/bin/node" "/usr/local/bin/npm" "start"
19 error node v6.11.2
20 error npm  v3.10.10
21 error code ELIFECYCLE
22 error shopping-list@ start: `npm server/server.js`
22 error Exit status 1
23 error Failed at the shopping-list@ start script 'npm server/server.js'.
23 error Make sure you have the latest version of node.js and npm installed.
23 error If you do, this is most likely a problem with the shopping-list package,
23 error not with npm itself.
23 error Tell the author that this fails on your system:
23 error     npm server/server.js
23 error You can get information on how to open an issue for this project with:
23 error     npm bugs shopping-list
23 error Or if that isn't available, you can get their info via:
23 error     npm owner ls shopping-list
23 error There is likely additional logging output above.
24 verbose exit [ 1, true ]
